<?xml version="1.0" encoding="UTF-8"?>
<!-- Generated by org.testng.reporters.JUnitXMLReporter -->
<testsuite hostname="LAPTOP-LFK4DCEU" ignored="1" name="Default test" tests="1" failures="0" timestamp="2022-12-23T12:59:12 EST" time="3.597" errors="0">
  <testcase name="getEmployeeById" time="3.535" classname="apiTests.ValidateGetData"/>
  <testcase name="getEmployees" time="0.0" classname="apiTests.ValidateGetData">
    <ignored/>
  </testcase> <!-- getEmployees -->
</testsuite> <!-- Default test -->
