<?xml version="1.0" encoding="UTF-8"?>
<!-- Generated by org.testng.reporters.JUnitXMLReporter -->
<testsuite hostname="LAPTOP-LFK4DCEU" ignored="0" name="Test" tests="5" failures="0" timestamp="2022-12-23T18:54:56 EST" time="4.681" errors="0">
  <testcase name="createEmployee" time="3.679" classname="apiTests.ValidatePostData"/>
  <testcase name="getEmployeeById" time="0.173" classname="apiTests.ValidateGetData"/>
  <testcase name="getEmployees" time="0.087" classname="apiTests.ValidateGetData"/>
  <testcase name="deleteData" time="0.348" classname="apiTests.ValidateDeleteData"/>
  <testcase name="deleteInvalidData" time="0.345" classname="apiTests.ValidateDeleteData"/>
</testsuite> <!-- Test -->
