<?xml version="1.0" encoding="UTF-8"?>
<testng-results skipped="0" failed="0" ignored="0" total="5" passed="5">
  <reporter-output>
  </reporter-output>
  <suite name="Suite" duration-ms="4681" started-at="2022-12-23T18:54:51 EST" finished-at="2022-12-23T18:54:56 EST">
    <groups>
    </groups>
    <test name="Test" duration-ms="4681" started-at="2022-12-23T18:54:51 EST" finished-at="2022-12-23T18:54:56 EST">
      <class name="apiTests.ValidateGetData">
        <test-method status="PASS" signature="beforeClass()[pri:0, instance:apiTests.ValidateGetData@2f943d71]" name="beforeClass" is-config="true" duration-ms="0" started-at="2022-12-23T18:54:55 EST" finished-at="2022-12-23T18:54:55 EST">
          <reporter-output>
          </reporter-output>
        </test-method> <!-- beforeClass -->
        <test-method status="PASS" signature="getEmployeeById()[pri:0, instance:apiTests.ValidateGetData@2f943d71]" name="getEmployeeById" duration-ms="173" started-at="2022-12-23T18:54:55 EST" finished-at="2022-12-23T18:54:55 EST">
          <reporter-output>
          </reporter-output>
        </test-method> <!-- getEmployeeById -->
        <test-method status="PASS" signature="getEmployees()[pri:0, instance:apiTests.ValidateGetData@2f943d71]" name="getEmployees" duration-ms="87" started-at="2022-12-23T18:54:55 EST" finished-at="2022-12-23T18:54:55 EST">
          <reporter-output>
          </reporter-output>
        </test-method> <!-- getEmployees -->
      </class> <!-- apiTests.ValidateGetData -->
      <class name="apiTests.ValidateDeleteData">
        <test-method status="PASS" signature="deleteData()[pri:0, instance:apiTests.ValidateDeleteData@80503]" name="deleteData" duration-ms="348" started-at="2022-12-23T18:54:55 EST" finished-at="2022-12-23T18:54:55 EST">
          <reporter-output>
          </reporter-output>
        </test-method> <!-- deleteData -->
        <test-method status="PASS" signature="deleteInvalidData()[pri:0, instance:apiTests.ValidateDeleteData@80503]" name="deleteInvalidData" duration-ms="345" started-at="2022-12-23T18:54:55 EST" finished-at="2022-12-23T18:54:56 EST">
          <reporter-output>
          </reporter-output>
        </test-method> <!-- deleteInvalidData -->
      </class> <!-- apiTests.ValidateDeleteData -->
      <class name="apiTests.ValidatePostData">
        <test-method status="PASS" signature="beforeClass()[pri:0, instance:apiTests.ValidatePostData@bd8db5a]" name="beforeClass" is-config="true" duration-ms="8" started-at="2022-12-23T18:54:51 EST" finished-at="2022-12-23T18:54:51 EST">
          <reporter-output>
          </reporter-output>
        </test-method> <!-- beforeClass -->
        <test-method status="PASS" signature="createEmployee()[pri:0, instance:apiTests.ValidatePostData@bd8db5a]" name="createEmployee" duration-ms="3679" started-at="2022-12-23T18:54:51 EST" finished-at="2022-12-23T18:54:55 EST">
          <reporter-output>
          </reporter-output>
        </test-method> <!-- createEmployee -->
      </class> <!-- apiTests.ValidatePostData -->
    </test> <!-- Test -->
  </suite> <!-- Suite -->
</testng-results>
